Using pre-set license
Built from '2020.3/staging' branch; Version is '2020.3.28f1 (f5400f52e03f) revision 16072719'; Using compiler version '192528614'; Build Type 'Release'
OS: 'Windows 11  (10.0.22000) 64bit Core' Language: 'fr' Physical Memory: 8111 MB
BatchMode: 1, IsHumanControllingUs: 0, StartBugReporterOnCrash: 0, Is64bit: 1, IsPro: 0

COMMAND LINE ARGUMENTS:
C:\Program Files\Unity\Hub\Editor\2020.3.28f1\Editor\Unity.exe
-adb2
-batchMode
-noUpm
-name
AssetImportWorker0
-projectPath
C:/Users/brice/Desktop/Pastekvania
-logFile
Logs/AssetImportWorker0.log
-srvPort
57747
Successfully changed project path to: C:/Users/brice/Desktop/Pastekvania
C:/Users/brice/Desktop/Pastekvania
Using Asset Import Pipeline V2.
Refreshing native plugins compatible for Editor in 48.02 ms, found 3 plugins.
Preloading 0 native plugins for Editor in 0.00 ms.
Initialize engine version: 2020.3.28f1 (f5400f52e03f)
[Subsystems] Discovering subsystems at path C:/Program Files/Unity/Hub/Editor/2020.3.28f1/Editor/Data/Resources/UnitySubsystems
[Subsystems] Discovering subsystems at path C:/Users/brice/Desktop/Pastekvania/Assets
GfxDevice: creating device client; threaded=0
Direct3D:
    Version:  Direct3D 11.0 [level 11.1]
    Renderer: NVIDIA GeForce GTX 1060 (ID=0x1c20)
    Vendor:   
    VRAM:     2987 MB
    Driver:   30.0.15.1179
Initialize mono
Mono path[0] = 'C:/Program Files/Unity/Hub/Editor/2020.3.28f1/Editor/Data/Managed'
Mono path[1] = 'C:/Program Files/Unity/Hub/Editor/2020.3.28f1/Editor/Data/MonoBleedingEdge/lib/mono/unityjit'
Mono config path = 'C:/Program Files/Unity/Hub/Editor/2020.3.28f1/Editor/Data/MonoBleedingEdge/etc'
Using monoOptions --debugger-agent=transport=dt_socket,embedding=1,server=y,suspend=n,address=127.0.0.1:56752
Begin MonoManager ReloadAssembly
Registering precompiled unity dll's ...
Register platform support module: C:/Program Files/Unity/Hub/Editor/2020.3.28f1/Editor/Data/PlaybackEngines/WebGLSupport/UnityEditor.WebGL.Extensions.dll
Register platform support module: C:/Program Files/Unity/Hub/Editor/2020.3.28f1/Editor/Data/PlaybackEngines/WindowsStandaloneSupport/UnityEditor.WindowsStandalone.Extensions.dll
Register platform support module: C:/Program Files/Unity/Hub/Editor/2020.3.28f1/Editor/Data/PlaybackEngines/LinuxStandaloneSupport/UnityEditor.LinuxStandalone.Extensions.dll
Registered in 0.002107 seconds.
Native extension for LinuxStandalone target not found
Native extension for WindowsStandalone target not found
Native extension for WebGL target not found
Refreshing native plugins compatible for Editor in 41.90 ms, found 3 plugins.
Preloading 0 native plugins for Editor in 0.00 ms.
Mono: successfully reloaded assembly
- Completed reload, in  0.580 seconds
Domain Reload Profiling:
	ReloadAssembly (580ms)
		BeginReloadAssembly (62ms)
			ExecutionOrderSort (0ms)
			DisableScriptedObjects (0ms)
			BackupInstance (0ms)
			ReleaseScriptingObjects (0ms)
			CreateAndSetChildDomain (1ms)
		EndReloadAssembly (447ms)
			LoadAssemblies (61ms)
			RebuildTransferFunctionScriptingTraits (0ms)
			SetupTypeCache (151ms)
			ReleaseScriptCaches (0ms)
			RebuildScriptCaches (32ms)
			SetupLoadedEditorAssemblies (168ms)
				LogAssemblyErrors (0ms)
				InitializePlatformSupportModulesInManaged (6ms)
				SetLoadedEditorAssemblies (0ms)
				RefreshPlugins (42ms)
				BeforeProcessingInitializeOnLoad (10ms)
				ProcessInitializeOnLoadAttributes (83ms)
				ProcessInitializeOnLoadMethodAttributes (27ms)
				AfterProcessingInitializeOnLoad (0ms)
				EditorAssembliesLoaded (0ms)
			ExecutionOrderSort2 (0ms)
			AwakeInstancesAfterBackupRestoration (0ms)
Platform modules already initialized, skipping
Registering precompiled user dll's ...
Registered in 0.003811 seconds.
Begin MonoManager ReloadAssembly
Native extension for LinuxStandalone target not found
Native extension for WindowsStandalone target not found
Native extension for WebGL target not found
Refreshing native plugins compatible for Editor in 40.33 ms, found 3 plugins.
Preloading 0 native plugins for Editor in 0.00 ms.
Mono: successfully reloaded assembly
- Completed reload, in  1.082 seconds
Domain Reload Profiling:
	ReloadAssembly (1083ms)
		BeginReloadAssembly (146ms)
			ExecutionOrderSort (0ms)
			DisableScriptedObjects (5ms)
			BackupInstance (0ms)
			ReleaseScriptingObjects (0ms)
			CreateAndSetChildDomain (19ms)
		EndReloadAssembly (880ms)
			LoadAssemblies (96ms)
			RebuildTransferFunctionScriptingTraits (0ms)
			SetupTypeCache (295ms)
			ReleaseScriptCaches (0ms)
			RebuildScriptCaches (47ms)
			SetupLoadedEditorAssemblies (334ms)
				LogAssemblyErrors (0ms)
				InitializePlatformSupportModulesInManaged (6ms)
				SetLoadedEditorAssemblies (0ms)
				RefreshPlugins (40ms)
				BeforeProcessingInitializeOnLoad (63ms)
				ProcessInitializeOnLoadAttributes (198ms)
				ProcessInitializeOnLoadMethodAttributes (22ms)
				AfterProcessingInitializeOnLoad (4ms)
				EditorAssembliesLoaded (0ms)
			ExecutionOrderSort2 (0ms)
			AwakeInstancesAfterBackupRestoration (6ms)
Platform modules already initialized, skipping
========================================================================
Worker process is ready to serve import requests
Launched and connected shader compiler UnityShaderCompiler.exe after 0.08 seconds
Refreshing native plugins compatible for Editor in 0.54 ms, found 3 plugins.
Preloading 0 native plugins for Editor in 0.00 ms.
Unloading 2196 Unused Serialized files (Serialized files now loaded: 0)
System memory in use before: 95.9 MB.
System memory in use after: 96.0 MB.

Unloading 28 unused Assets to reduce memory usage. Loaded Objects now: 2630.
Total: 3.119100 ms (FindLiveObjects: 0.174700 ms CreateObjectMapping: 0.082300 ms MarkObjects: 2.798700 ms  DeleteObjects: 0.062700 ms)

AssetImportParameters requested are different than current active one (requested -> active):
  custom:framework-win-MediaFoundation: 216162199b28c13a410421893ffa2e32 -> 
  custom:video-decoder-ogg-theora: a1e56fd34408186e4bbccfd4996cb3dc -> 
  custom:container-muxer-webm: aa71ff27fc2769a1b78a27578f13a17b -> 
  custom:container-demuxer-webm: 4f35f7cbe854078d1ac9338744f61a02 -> 
  custom:container-demuxer-ogg: 62fdf1f143b41e24485cea50d1cbac27 -> 
  custom:video-encoder-webm-vp8: eb34c28f22e8b96e1ab97ce403110664 -> 
  custom:video-decoder-webm-vp8: 9c59270c3fd7afecdb556c50c9e8de78 -> 
  custom:audio-decoder-ogg-vorbis: bf7c407c2cedff20999df2af8eb42d56 -> 
  custom:audio-encoder-webm-vorbis: bf7c407c2cedff20999df2af8eb42d56 -> 
========================================================================
Received Import Request.
  path: Assets/background tiles_34.asset
  artifactKey: Guid(ce7d9cc45b1bb2142b211473a6af37f6) Importer(815301076,1909f56bfc062723c751e8b465ee728b)
Start importing Assets/background tiles_34.asset using Guid(ce7d9cc45b1bb2142b211473a6af37f6) Importer(815301076,1909f56bfc062723c751e8b465ee728b)  -> (artifact id: 'fa732e0a0a874cba2e51e50985a252bf') in 0.101985 seconds 
  Import took 0.107222 seconds .

========================================================================
Received Import Request.
  Time since last request: 0.000365 seconds.
  path: Assets/background tiles_31.asset
  artifactKey: Guid(23ecff1b695f8b0498b4b992c4bda601) Importer(815301076,1909f56bfc062723c751e8b465ee728b)
Start importing Assets/background tiles_31.asset using Guid(23ecff1b695f8b0498b4b992c4bda601) Importer(815301076,1909f56bfc062723c751e8b465ee728b)  -> (artifact id: '952dd553f100f1369eefd63c049cd0fc') in 0.015731 seconds 
  Import took 0.020625 seconds .

========================================================================
Received Import Request.
  Time since last request: 0.000304 seconds.
  path: Assets/background tiles_33.asset
  artifactKey: Guid(cf86e977da6d267419a11254150af92b) Importer(815301076,1909f56bfc062723c751e8b465ee728b)
Start importing Assets/background tiles_33.asset using Guid(cf86e977da6d267419a11254150af92b) Importer(815301076,1909f56bfc062723c751e8b465ee728b)  -> (artifact id: 'dd04bb4937d82794d16dcc8e44ce8ea5') in 0.013798 seconds 
  Import took 0.017754 seconds .

========================================================================
Received Import Request.
  Time since last request: 0.000306 seconds.
  path: Assets/background tiles_32.asset
  artifactKey: Guid(d0424e3d63e2d0d458a4a5015d6c4f5c) Importer(815301076,1909f56bfc062723c751e8b465ee728b)
Start importing Assets/background tiles_32.asset using Guid(d0424e3d63e2d0d458a4a5015d6c4f5c) Importer(815301076,1909f56bfc062723c751e8b465ee728b)  -> (artifact id: '2263d85c49785b59ccc31e31ae6d2cc5') in 0.010947 seconds 
  Import took 0.015553 seconds .

========================================================================
Received Import Request.
  Time since last request: 0.000294 seconds.
  path: Assets/background tiles_30.asset
  artifactKey: Guid(540892663dd161c40afd289016ed36c4) Importer(815301076,1909f56bfc062723c751e8b465ee728b)
Start importing Assets/background tiles_30.asset using Guid(540892663dd161c40afd289016ed36c4) Importer(815301076,1909f56bfc062723c751e8b465ee728b)  -> (artifact id: '11cb100c1ec6f101656c560c5225f6c1') in 0.014004 seconds 
  Import took 0.017682 seconds .

========================================================================
Received Import Request.
  Time since last request: 0.000296 seconds.
  path: Assets/New Palette.prefab
  artifactKey: Guid(3d9f0cbe7f0d7694e9a2be2d3968e1aa) Importer(815301076,1909f56bfc062723c751e8b465ee728b)
Start importing Assets/New Palette.prefab using Guid(3d9f0cbe7f0d7694e9a2be2d3968e1aa) Importer(815301076,1909f56bfc062723c751e8b465ee728b)  -> (artifact id: 'b7a3a666e386370a33d60684fab217c7') in 0.315825 seconds 
  Import took 0.321267 seconds .

========================================================================
Received Import Request.
  Time since last request: 0.000337 seconds.
  path: Assets/background tiles_29.asset
  artifactKey: Guid(0cd22fc29e4bd1b4da164c7d3b2806ad) Importer(815301076,1909f56bfc062723c751e8b465ee728b)
Start importing Assets/background tiles_29.asset using Guid(0cd22fc29e4bd1b4da164c7d3b2806ad) Importer(815301076,1909f56bfc062723c751e8b465ee728b)  -> (artifact id: '868fa2af3347b0a94ae7808fa1181496') in 0.011032 seconds 
  Import took 0.015062 seconds .

========================================================================
Received Import Request.
  Time since last request: 28.846556 seconds.
  path: Assets/background tiles.png
  artifactKey: Guid(036987f056c1fac4eb49ef26d7180160) Importer(815301076,1909f56bfc062723c751e8b465ee728b)
Start importing Assets/background tiles.png using Guid(036987f056c1fac4eb49ef26d7180160) Importer(815301076,1909f56bfc062723c751e8b465ee728b)  -> (artifact id: 'edec581469b99c3d44e06d419debc5fd') in 0.058981 seconds 
  Import took 0.063389 seconds .

========================================================================
Received Import Request.
  Time since last request: 10.738148 seconds.
  path: Assets/background tiles.png
  artifactKey: Guid(036987f056c1fac4eb49ef26d7180160) Importer(815301076,1909f56bfc062723c751e8b465ee728b)
Start importing Assets/background tiles.png using Guid(036987f056c1fac4eb49ef26d7180160) Importer(815301076,1909f56bfc062723c751e8b465ee728b)  -> (artifact id: '2d5bc0e13fea451bc8fe8979d680e7d0') in 0.008979 seconds 
  Import took 0.013296 seconds .

========================================================================
Received Import Request.
  Time since last request: 9.135259 seconds.
  path: Assets/background tiles.png
  artifactKey: Guid(036987f056c1fac4eb49ef26d7180160) Importer(815301076,1909f56bfc062723c751e8b465ee728b)
Start importing Assets/background tiles.png using Guid(036987f056c1fac4eb49ef26d7180160) Importer(815301076,1909f56bfc062723c751e8b465ee728b)  -> (artifact id: '8e852a359de05ea6a64dcf656f2bd674') in 0.081344 seconds 
  Import took 0.085432 seconds .

========================================================================
Received Prepare
Registering precompiled user dll's ...
Registered in 0.004847 seconds.
Begin MonoManager ReloadAssembly
Native extension for LinuxStandalone target not found
Native extension for WindowsStandalone target not found
Native extension for WebGL target not found
Refreshing native plugins compatible for Editor in 0.49 ms, found 3 plugins.
Preloading 0 native plugins for Editor in 0.00 ms.
Mono: successfully reloaded assembly
- Completed reload, in  1.213 seconds
Domain Reload Profiling:
	ReloadAssembly (1214ms)
		BeginReloadAssembly (120ms)
			ExecutionOrderSort (0ms)
			DisableScriptedObjects (7ms)
			BackupInstance (0ms)
			ReleaseScriptingObjects (0ms)
			CreateAndSetChildDomain (37ms)
		EndReloadAssembly (1020ms)
			LoadAssemblies (102ms)
			RebuildTransferFunctionScriptingTraits (0ms)
			SetupTypeCache (409ms)
			ReleaseScriptCaches (1ms)
			RebuildScriptCaches (69ms)
			SetupLoadedEditorAssemblies (310ms)
				LogAssemblyErrors (0ms)
				InitializePlatformSupportModulesInManaged (10ms)
				SetLoadedEditorAssemblies (0ms)
				RefreshPlugins (1ms)
				BeforeProcessingInitializeOnLoad (63ms)
				ProcessInitializeOnLoadAttributes (218ms)
				ProcessInitializeOnLoadMethodAttributes (11ms)
				AfterProcessingInitializeOnLoad (7ms)
				EditorAssembliesLoaded (0ms)
			ExecutionOrderSort2 (0ms)
			AwakeInstancesAfterBackupRestoration (13ms)
Platform modules already initialized, skipping
Refreshing native plugins compatible for Editor in 0.57 ms, found 3 plugins.
Preloading 0 native plugins for Editor in 0.00 ms.
Unloading 2185 Unused Serialized files (Serialized files now loaded: 0)
System memory in use before: 98.4 MB.
System memory in use after: 98.5 MB.

Unloading 17 unused Assets to reduce memory usage. Loaded Objects now: 2646.
Total: 3.509900 ms (FindLiveObjects: 0.194400 ms CreateObjectMapping: 0.137900 ms MarkObjects: 3.148900 ms  DeleteObjects: 0.027900 ms)

AssetImportParameters requested are different than current active one (requested -> active):
  custom:framework-win-MediaFoundation: 216162199b28c13a410421893ffa2e32 -> 
  custom:video-decoder-ogg-theora: a1e56fd34408186e4bbccfd4996cb3dc -> 
  custom:container-muxer-webm: aa71ff27fc2769a1b78a27578f13a17b -> 
  custom:container-demuxer-webm: 4f35f7cbe854078d1ac9338744f61a02 -> 
  custom:container-demuxer-ogg: 62fdf1f143b41e24485cea50d1cbac27 -> 
  custom:video-encoder-webm-vp8: eb34c28f22e8b96e1ab97ce403110664 -> 
  custom:video-decoder-webm-vp8: 9c59270c3fd7afecdb556c50c9e8de78 -> 
  custom:audio-decoder-ogg-vorbis: bf7c407c2cedff20999df2af8eb42d56 -> 
  custom:audio-encoder-webm-vorbis: bf7c407c2cedff20999df2af8eb42d56 -> 
AssetImportWorkerClient::OnTransportError - code=2 error=End of file
